<?xml version="1.0" encoding="UTF-8"?>
<testng-results skipped="0" failed="0" ignored="0" total="1" passed="1">
  <reporter-output>
  </reporter-output>
  <suite name="Default suite" duration-ms="16040" started-at="2020-09-24T23:54:12Z" finished-at="2020-09-24T23:54:28Z">
    <groups>
      <group name="cucumber">
        <method signature="AbstractTestNGCucumberTests.feature(cucumber.api.testng.CucumberFeatureWrapper)[pri:0, instance:com.osa.runner.RunWithTestNG@402e37bc]" name="feature" class="cucumber.api.testng.AbstractTestNGCucumberTests"/>
      </group> <!-- cucumber -->
    </groups>
    <test name="Default test" duration-ms="16040" started-at="2020-09-24T23:54:12Z" finished-at="2020-09-24T23:54:28Z">
      <class name="com.osa.runner.RunWithTestNG">
        <test-method status="PASS" signature="setUpClass()[pri:0, instance:com.osa.runner.RunWithTestNG@402e37bc]" name="setUpClass" is-config="true" duration-ms="158" started-at="2020-09-24T23:54:12Z" finished-at="2020-09-24T23:54:12Z">
          <reporter-output>
          </reporter-output>
        </test-method> <!-- setUpClass -->
        <test-method status="PASS" signature="feature(cucumber.api.testng.CucumberFeatureWrapper)[pri:0, instance:com.osa.runner.RunWithTestNG@402e37bc]" name="feature" duration-ms="15779" started-at="2020-09-24T23:54:12Z" description="Runs Cucumber Feature" data-provider="features" finished-at="2020-09-24T23:54:28Z">
          <params>
            <param index="0">
              <value>
                <![CDATA[As a user,I should be able to select any selenium locators from feature file]]>
              </value>
            </param>
          </params>
          <reporter-output>
          </reporter-output>
        </test-method> <!-- feature -->
        <test-method status="PASS" signature="tearDownClass()[pri:0, instance:com.osa.runner.RunWithTestNG@402e37bc]" name="tearDownClass" is-config="true" duration-ms="13" started-at="2020-09-24T23:54:28Z" finished-at="2020-09-24T23:54:28Z">
          <reporter-output>
          </reporter-output>
        </test-method> <!-- tearDownClass -->
      </class> <!-- com.osa.runner.RunWithTestNG -->
    </test> <!-- Default test -->
  </suite> <!-- Default suite -->
</testng-results>
